[debug] [2024-09-07T06:05:51.001Z] ----------------------------------------------------------------------
[debug] [2024-09-07T06:05:51.002Z] Command:       C:\Program Files\nodejs\node.exe C:\Users\ambad\AppData\Roaming\npm\node_modules\firebase-tools\lib\bin\firebase.js init
[debug] [2024-09-07T06:05:51.002Z] CLI Version:   13.16.0
[debug] [2024-09-07T06:05:51.003Z] Platform:      win32
[debug] [2024-09-07T06:05:51.003Z] Node Version:  v18.13.0
[debug] [2024-09-07T06:05:51.005Z] Time:          Sat Sep 07 2024 11:35:51 GMT+0530 (India Standard Time)
[debug] [2024-09-07T06:05:51.005Z] ----------------------------------------------------------------------
[debug] 
[debug] [2024-09-07T06:05:51.011Z] > command requires scopes: ["email","openid","https://www.googleapis.com/auth/cloudplatformprojects.readonly","https://www.googleapis.com/auth/firebase","https://www.googleapis.com/auth/cloud-platform"]
[debug] [2024-09-07T06:05:51.012Z] > authorizing via signed-in user (ambadinarayan.claysys@gmail.com)
[info] 
     ######## #### ########  ######## ########     ###     ######  ########
     ##        ##  ##     ## ##       ##     ##  ##   ##  ##       ##
     ######    ##  ########  ######   ########  #########  ######  ######
     ##        ##  ##    ##  ##       ##     ## ##     ##       ## ##
     ##       #### ##     ## ######## ########  ##     ##  ######  ########

You're about to initialize a Firebase project in this directory:

  C:\Users\ambad\OneDrive\Documents\DEVELOPMENT\WEB\Angular\chekonsoftravancore

[info] 
=== Project Setup
[info] 
[info] First, let's associate this project directory with a Firebase project.
[info] You can create multiple project aliases by running firebase use --add, 
[info] but for now we'll just set up a default project.
[info] 
[debug] [2024-09-07T06:06:19.720Z] >>> [apiv2][query] GET https://firebase.googleapis.com/v1beta1/projects pageSize=100
[debug] [2024-09-07T06:06:20.633Z] <<< [apiv2][status] GET https://firebase.googleapis.com/v1beta1/projects 200
[debug] [2024-09-07T06:06:20.633Z] <<< [apiv2][body] GET https://firebase.googleapis.com/v1beta1/projects [omitted]
[info] i  Using project cot2024 (chekonoftravancore) 
[info] 
=== Hosting Setup
[debug] [2024-09-07T06:06:30.450Z] >>> [apiv2][query] GET https://firebase.googleapis.com/v1beta1/projects/cot2024 [none]
[debug] [2024-09-07T06:06:31.073Z] <<< [apiv2][status] GET https://firebase.googleapis.com/v1beta1/projects/cot2024 200
[debug] [2024-09-07T06:06:31.073Z] <<< [apiv2][body] GET https://firebase.googleapis.com/v1beta1/projects/cot2024 {"projectId":"cot2024","projectNumber":"662836213204","displayName":"chekonoftravancore","name":"projects/cot2024","resources":{"hostingSite":"cot2024"},"state":"ACTIVE","etag":"1_e66a84ce-e64b-4e97-b72b-be8fcc719fc8"}
[info] 
[info] Your public directory is the folder (relative to your project directory) that
[info] will contain Hosting assets to be uploaded with firebase deploy. If you
[info] have a build process for your assets, use your build's output directory.
[info] 
